#
# A fatal error has been detected by the Java Runtime Environment:
#
#  EXCEPTION_ACCESS_VIOLATION (0xc0000005) at pc=0x0000000067b50b52, pid=16280, tid=0x0000000000003288
#
# JRE version: Java(TM) SE Runtime Environment (8.0_251-b08) (build 1.8.0_251-b08)
# Java VM: Java HotSpot(TM) 64-Bit Server VM (25.251-b08 mixed mode windows-amd64 compressed oops)
# Problematic frame:
# V  [jvm.dll+0xb0b52]
#
# Failed to write core dump. Minidumps are not enabled by default on client versions of Windows
#
# If you would like to submit a bug report, please visit:
#   http://bugreport.java.com/bugreport/crash.jsp
#

---------------  T H R E A D  ---------------

Current thread (0x00000000033f3800):  GCTaskThread [stack: 0x00000000138a0000,0x00000000139a0000] [id=12936]

siginfo: ExceptionCode=0xc0000005, reading address 0x00000000000000e8

Registers:
RAX=0x0000000000000000, RBX=0x000000078d068140, RCX=0x00000007c013ebb8, RDX=0x000000078d068140
RSP=0x000000001399f718, RBP=0x0000000012893881, RSI=0x000000001c340c40, RDI=0x0000000700702e68
R8 =0x0000000000000000, R9 =0x00000007c013ebb8, R10=0x0000000000000008, R11=0x0000000790940030
R12=0x0000000012893814, R13=0x000000000000002d, R14=0x0000000000000000, R15=0x00000000033e2730
RIP=0x0000000067b50b52, EFLAGS=0x0000000000010246

Top of Stack: (sp=0x000000001399f718)
0x000000001399f718:   0000000067ea8bf2 000000078d068130
0x000000001399f728:   0000000000000002 000000001c340c40
0x000000001399f738:   000000078d4486e0 0000000790938040
0x000000001399f748:   0000000000001000 0000000000000000
0x000000001399f758:   000000000000001d 0000000000000000
0x000000001399f768:   000000001c340c00 0000000012893814
0x000000001399f778:   0000000067ea8f60 000000079093bcf4
0x000000001399f788:   0000000012893881 000000001c340c40
0x000000001399f798:   0000000700702e68 000000079093bcf4
0x000000001399f7a8:   0000000067ea9b05 000000078d27a128
0x000000001399f7b8:   0000000012893881 000000001c340c40
0x000000001399f7c8:   0000000000000017 000000001c340c40
0x000000001399f7d8:   0000000067b8d450 00000007004852c4
0x000000001399f7e8:   0000000067bb5797 000000001c340c40
0x000000001399f7f8:   0000000067bb3e73 0000000700702bed
0x000000001399f808:   0000000700702bed 0000000700702ca4 

Instructions: (pc=0x0000000067b50b52)
0x0000000067b50b32:   e2 49 8d 0c 11 49 f7 d1 48 03 c1 49 c1 e9 03 48
0x0000000067b50b42:   c1 e8 03 41 23 c1 c3 48 8b 02 48 8b d1 49 8b c9
0x0000000067b50b52:   48 ff a0 e8 00 00 00 cc cc cc cc cc cc cc 80 3d
0x0000000067b50b62:   4a b0 76 00 00 48 8b c1 74 1b 8b 51 08 8b 0d f3 


Register to memory mapping:

RAX=0x0000000000000000 is an unknown value
RBX=0x000000078d068140 is an oop

[error occurred during error reporting (printing register info), id 0xc0000005]

Stack: [0x00000000138a0000,0x00000000139a0000],  sp=0x000000001399f718,  free space=1021k
Native frames: (J=compiled Java code, j=interpreted, Vv=VM code, C=native code)
V  [jvm.dll+0xb0b52]


---------------  P R O C E S S  ---------------

Java Threads: ( => current thread )
  0x000000001fa16000 JavaThread "Cache worker for Build Output Cleanup Cache (A:\Coding\Mods\plsnocrash\.gradle\buildOutputCleanup)" [_thread_blocked, id=11208, stack(0x000000002b800000,0x000000002b900000)]
  0x000000001fa1c800 JavaThread "Cache worker for task history cache (A:\Coding\Mods\plsnocrash\.gradle\4.10.3\taskHistory)" [_thread_blocked, id=15560, stack(0x000000002b700000,0x000000002b800000)]
  0x000000001fa16800 JavaThread "Task worker for ':' Thread 11" [_thread_blocked, id=15948, stack(0x000000002b600000,0x000000002b700000)]
  0x000000001fa17800 JavaThread "Task worker for ':' Thread 10" [_thread_blocked, id=4988, stack(0x000000002b500000,0x000000002b600000)]
  0x000000001fa1b000 JavaThread "Task worker for ':' Thread 9" [_thread_blocked, id=6596, stack(0x000000002b400000,0x000000002b500000)]
  0x000000001fa1c000 JavaThread "Task worker for ':' Thread 8" [_thread_blocked, id=15032, stack(0x000000002b300000,0x000000002b400000)]
  0x000000001fa1a800 JavaThread "Task worker for ':' Thread 7" [_thread_blocked, id=2176, stack(0x000000002b200000,0x000000002b300000)]
  0x000000001fa11800 JavaThread "Task worker for ':' Thread 6" [_thread_blocked, id=6040, stack(0x000000002b100000,0x000000002b200000)]
  0x000000001fa15000 JavaThread "Task worker for ':' Thread 5" [_thread_blocked, id=4716, stack(0x000000002b000000,0x000000002b100000)]
  0x000000001fa0d800 JavaThread "Task worker for ':' Thread 4" [_thread_blocked, id=7652, stack(0x000000002af00000,0x000000002b000000)]
  0x000000001fa10000 JavaThread "Task worker for ':' Thread 3" [_thread_blocked, id=8472, stack(0x000000002ae00000,0x000000002af00000)]
  0x000000001fa0e800 JavaThread "Task worker for ':' Thread 2" [_thread_blocked, id=12752, stack(0x000000002ad00000,0x000000002ae00000)]
  0x000000001fa0f000 JavaThread "Task worker for ':'" [_thread_blocked, id=2980, stack(0x000000002ac00000,0x000000002ad00000)]
  0x000000001fa14800 JavaThread "Cache worker for file content cache (A:\Coding\Mods\plsnocrash\.gradle\4.10.3\fileContent)" [_thread_blocked, id=16164, stack(0x000000002ab00000,0x000000002ac00000)]
  0x000000001fa10800 JavaThread "Build operations Thread 12" [_thread_blocked, id=9512, stack(0x000000002a800000,0x000000002a900000)]
  0x0000000023a2a000 JavaThread "Build operations Thread 11" [_thread_blocked, id=6948, stack(0x000000002a700000,0x000000002a800000)]
  0x0000000023a27000 JavaThread "Build operations Thread 10" [_thread_blocked, id=2276, stack(0x000000002a600000,0x000000002a700000)]
  0x0000000023a2b800 JavaThread "Build operations Thread 9" [_thread_blocked, id=15780, stack(0x000000002a500000,0x000000002a600000)]
  0x0000000023a2c800 JavaThread "Build operations Thread 8" [_thread_blocked, id=5788, stack(0x000000002a400000,0x000000002a500000)]
  0x0000000023a2b000 JavaThread "Build operations Thread 7" [_thread_blocked, id=15072, stack(0x000000002a300000,0x000000002a400000)]
  0x0000000023a2d000 JavaThread "Build operations Thread 6" [_thread_blocked, id=14660, stack(0x000000002a200000,0x000000002a300000)]
  0x0000000023a28000 JavaThread "Build operations Thread 5" [_thread_blocked, id=13168, stack(0x000000002a100000,0x000000002a200000)]
  0x0000000023a29800 JavaThread "Build operations Thread 4" [_thread_blocked, id=13452, stack(0x000000002a000000,0x000000002a100000)]
  0x0000000023a28800 JavaThread "Build operations Thread 3" [_thread_blocked, id=15052, stack(0x0000000029f00000,0x000000002a000000)]
  0x0000000023a1f800 JavaThread "Build operations Thread 2" [_thread_blocked, id=10396, stack(0x0000000029e00000,0x0000000029f00000)]
  0x0000000023a25800 JavaThread "Build operations" [_thread_blocked, id=3836, stack(0x0000000029d00000,0x0000000029e00000)]
  0x0000000023a1f000 JavaThread "Cache worker for cache directory md-rule (C:\Users\Yeet nerd kys\.gradle\caches\4.10.3\md-rule)" [_thread_blocked, id=13448, stack(0x0000000029c00000,0x0000000029d00000)]
  0x0000000023a21000 JavaThread "Cache worker for cache directory md-supplier (C:\Users\Yeet nerd kys\.gradle\caches\4.10.3\md-supplier)" [_thread_blocked, id=16124, stack(0x0000000029b00000,0x0000000029c00000)]
  0x0000000023a24000 JavaThread "Cache worker for file hash cache (A:\Coding\Mods\plsnocrash\.gradle\4.10.3\fileHashes)" [_thread_blocked, id=8140, stack(0x0000000029a00000,0x0000000029b00000)]
  0x0000000023a20800 JavaThread "Stdin handler" [_thread_blocked, id=15608, stack(0x0000000029900000,0x0000000029a00000)]
  0x0000000023a22800 JavaThread "Asynchronous log dispatcher for DefaultDaemonConnection: socket connection from /127.0.0.1:57033 to /127.0.0.1:57051" [_thread_blocked, id=12792, stack(0x0000000029800000,0x0000000029900000)]
  0x0000000023a25000 JavaThread "Cancel handler" [_thread_blocked, id=10556, stack(0x0000000029700000,0x0000000029800000)]
  0x0000000023a1e000 JavaThread "Handler for socket connection from /127.0.0.1:57033 to /127.0.0.1:57051" [_thread_in_native, id=10184, stack(0x0000000029600000,0x0000000029700000)]
  0x0000000023a26800 JavaThread "Keep-Alive-SocketCleaner" daemon [_thread_blocked, id=3576, stack(0x0000000029500000,0x0000000029600000)]
  0x000000001fa13000 JavaThread "Cache worker for file content cache (C:\Users\Yeet nerd kys\.gradle\caches\4.10.3\fileContent)" [_thread_blocked, id=6776, stack(0x0000000026700000,0x0000000026800000)]
  0x000000001fa19800 JavaThread "Memory manager" [_thread_blocked, id=8072, stack(0x0000000026600000,0x0000000026700000)]
  0x000000001fa12000 JavaThread "Keep-Alive-Timer" daemon [_thread_blocked, id=16288, stack(0x0000000026300000,0x0000000026400000)]
  0x000000001fa13800 JavaThread "Cache worker for Artifact transforms cache (C:\Users\Yeet nerd kys\.gradle\caches\transforms-1)" [_thread_blocked, id=288, stack(0x0000000024d00000,0x0000000024e00000)]
  0x000000001c384800 JavaThread "Cache worker for journal cache (C:\Users\Yeet nerd kys\.gradle\caches\journal-1)" [_thread_blocked, id=13784, stack(0x0000000022ee0000,0x0000000022fe0000)]
  0x000000001c386000 JavaThread "File lock request listener" [_thread_in_native, id=13140, stack(0x0000000021d10000,0x0000000021e10000)]
  0x000000001c384000 JavaThread "Cache worker for file hash cache (C:\Users\Yeet nerd kys\.gradle\caches\4.10.3\fileHashes)" [_thread_blocked, id=6924, stack(0x0000000021c10000,0x0000000021d10000)]
  0x000000001ede1000 JavaThread "Daemon worker" [_thread_blocked, id=12796, stack(0x0000000021510000,0x0000000021610000)]
  0x000000001f500800 JavaThread "Daemon" [_thread_blocked, id=4056, stack(0x0000000021210000,0x0000000021310000)]
  0x000000001f510000 JavaThread "Daemon periodic checks" [_thread_blocked, id=14844, stack(0x0000000021110000,0x0000000021210000)]
  0x000000001f50f000 JavaThread "Incoming local TCP Connector on port 57033" [_thread_in_native, id=16308, stack(0x0000000020ed0000,0x0000000020fd0000)]
  0x000000001fbfc800 JavaThread "Daemon health stats" [_thread_blocked, id=3928, stack(0x0000000020890000,0x0000000020990000)]
  0x000000001c411800 JavaThread "Service Thread" daemon [_thread_blocked, id=15368, stack(0x000000001dde0000,0x000000001dee0000)]
  0x000000001c381000 JavaThread "C1 CompilerThread3" daemon [_thread_blocked, id=2360, stack(0x000000001dce0000,0x000000001dde0000)]
  0x000000001c37f800 JavaThread "C2 CompilerThread2" daemon [_thread_blocked, id=16048, stack(0x000000001dbe0000,0x000000001dce0000)]
  0x000000001c379800 JavaThread "C2 CompilerThread1" daemon [_thread_blocked, id=14900, stack(0x000000001dae0000,0x000000001dbe0000)]
  0x000000001c370000 JavaThread "C2 CompilerThread0" daemon [_thread_blocked, id=2180, stack(0x000000001d9e0000,0x000000001dae0000)]
  0x000000001c36c800 JavaThread "Attach Listener" daemon [_thread_blocked, id=8116, stack(0x000000001d8e0000,0x000000001d9e0000)]
  0x000000001c36b000 JavaThread "Signal Dispatcher" daemon [_thread_blocked, id=13188, stack(0x000000001d7e0000,0x000000001d8e0000)]
  0x00000000034cb800 JavaThread "Finalizer" daemon [_thread_blocked, id=15892, stack(0x000000001d5e0000,0x000000001d6e0000)]
  0x000000001c363000 JavaThread "Reference Handler" daemon [_thread_blocked, id=2356, stack(0x000000001d4e0000,0x000000001d5e0000)]
  0x000000000141e000 JavaThread "main" [_thread_blocked, id=12884, stack(0x00000000031f0000,0x00000000032f0000)]

Other Threads:
  0x000000001ac87000 VMThread [stack: 0x000000001d3e0000,0x000000001d4e0000] [id=11568]
  0x000000001c42c800 WatcherThread [stack: 0x000000001dee0000,0x000000001dfe0000] [id=3028]

=>0x00000000033f3800 (exited) GCTaskThread [stack: 0x00000000138a0000,0x00000000139a0000] [id=12936]

VM state:at safepoint (normal execution)

VM Mutex/Monitor currently owned by a thread:  ([mutex/lock_event])
[0x000000000141cf10] Threads_lock - owner thread: 0x000000001ac87000
[0x000000000141d210] Heap_lock - owner thread: 0x000000001fa10800

heap address: 0x0000000700000000, size: 3072 MB, Compressed Oops mode: Zero based, Oop shift amount: 3
Narrow klass base: 0x0000000000000000, Narrow klass shift: 3
Compressed class space size: 1073741824 Address: 0x00000007c0000000

Heap:
 PSYoungGen      total 224768K, used 217276K [0x0000000780000000, 0x0000000791a80000, 0x00000007c0000000)
  eden space 201216K, 99% used [0x0000000780000000,0x000000078c3d6880,0x000000078c480000)
  from space 23552K, 71% used [0x000000078c480000,0x000000078d4d8780,0x000000078db80000)
  to   space 23552K, 90% used [0x0000000790380000,0x0000000791866d30,0x0000000791a80000)
 ParOldGen       total 182784K, used 38300K [0x0000000700000000, 0x000000070b280000, 0x0000000780000000)
  object space 182784K, 20% used [0x0000000700000000,0x0000000702567390,0x000000070b280000)
 Metaspace       used 49492K, capacity 50568K, committed 50816K, reserved 1093632K
  class space    used 6914K, capacity 7211K, committed 7296K, reserved 1048576K

Card table byte_map: [0x0000000012890000,0x0000000012ea0000] byte_map_base: 0x000000000f090000

Marking Bits: (ParMarkBitMap*) 0x00000000682caf90
 Begin Bits: [0x0000000013ca0000, 0x0000000016ca0000)
 End Bits:   [0x0000000016ca0000, 0x0000000019ca0000)

Polling page: 0x00000000013e0000

CodeCache: size=245760Kb used=20172Kb max_used=20195Kb free=225587Kb
 bounds [0x00000000034d0000, 0x00000000048b0000, 0x00000000124d0000]
 total_blobs=6705 nmethods=5928 adapters=689
 compilation: enabled

Compilation events (10 events):
Event: 10.874 Thread 0x000000001c381000 6884       1       org.gradle.internal.action.DefaultConfigurableRule::getRuleClass (5 bytes)
Event: 10.874 Thread 0x000000001c381000 nmethod 6884 0x00000000048815d0 code [0x0000000004881720, 0x0000000004881830]
Event: 10.874 Thread 0x000000001c381000 6885       1       org.gradle.internal.action.DefaultConfigurableRule::getRuleParams (5 bytes)
Event: 10.874 Thread 0x000000001c381000 nmethod 6885 0x0000000004881310 code [0x0000000004881460, 0x0000000004881570]
Event: 10.874 Thread 0x000000001c381000 6886       1       org.gradle.api.internal.changedetection.state.ArrayValueSnapshot::getElements (5 bytes)
Event: 10.874 Thread 0x000000001c381000 nmethod 6886 0x0000000004881050 code [0x00000000048811a0, 0x00000000048812b0]
Event: 10.874 Thread 0x000000001c381000 6887       1       org.gradle.internal.component.model.DefaultCompatibilityCheckResult::getConsumerValue (5 bytes)
Event: 10.874 Thread 0x000000001c381000 nmethod 6887 0x0000000004880d90 code [0x0000000004880ee0, 0x0000000004880ff0]
Event: 10.897 Thread 0x000000001c37f800 nmethod 6857 0x000000000489fe50 code [0x00000000048a00a0, 0x00000000048a1670]
Event: 10.897 Thread 0x000000001c370000 nmethod 6855 0x000000000489a450 code [0x000000000489a6a0, 0x000000000489be00]

GC Heap History (10 events):
Event: 5.344 GC heap after
Heap after GC invocations=9 (full 2):
 PSYoungGen      total 143872K, used 9545K [0x0000000780000000, 0x000000078c600000, 0x00000007c0000000)
  eden space 130560K, 0% used [0x0000000780000000,0x0000000780000000,0x0000000787f80000)
  from space 13312K, 71% used [0x0000000787f80000,0x00000007888d2658,0x0000000788c80000)
  to   space 12800K, 0% used [0x000000078b980000,0x000000078b980000,0x000000078c600000)
 ParOldGen       total 182784K, used 15682K [0x0000000700000000, 0x000000070b280000, 0x0000000780000000)
  object space 182784K, 8% used [0x0000000700000000,0x0000000700f50800,0x000000070b280000)
 Metaspace       used 41364K, capacity 42026K, committed 42112K, reserved 1085440K
  class space    used 5828K, capacity 6007K, committed 6016K, reserved 1048576K
}
Event: 6.118 GC heap before
{Heap before GC invocations=10 (full 2):
 PSYoungGen      total 143872K, used 130883K [0x0000000780000000, 0x000000078c600000, 0x00000007c0000000)
  eden space 130560K, 92% used [0x0000000780000000,0x000000078767e718,0x0000000787f80000)
  from space 13312K, 71% used [0x0000000787f80000,0x00000007888d2658,0x0000000788c80000)
  to   space 12800K, 0% used [0x000000078b980000,0x000000078b980000,0x000000078c600000)
 ParOldGen       total 182784K, used 15682K [0x0000000700000000, 0x000000070b280000, 0x0000000780000000)
  object space 182784K, 8% used [0x0000000700000000,0x0000000700f50800,0x000000070b280000)
 Metaspace       used 44418K, capacity 45200K, committed 45440K, reserved 1087488K
  class space    used 6222K, capacity 6459K, committed 6528K, reserved 1048576K
Event: 6.132 GC heap after
Heap after GC invocations=10 (full 2):
 PSYoungGen      total 178688K, used 12784K [0x0000000780000000, 0x000000078df00000, 0x00000007c0000000)
  eden space 165888K, 0% used [0x0000000780000000,0x0000000780000000,0x000000078a200000)
  from space 12800K, 99% used [0x000000078b980000,0x000000078c5fc0d0,0x000000078c600000)
  to   space 24064K, 0% used [0x000000078a200000,0x000000078a200000,0x000000078b980000)
 ParOldGen       total 182784K, used 38268K [0x0000000700000000, 0x000000070b280000, 0x0000000780000000)
  object space 182784K, 20% used [0x0000000700000000,0x000000070255f390,0x000000070b280000)
 Metaspace       used 44418K, capacity 45200K, committed 45440K, reserved 1087488K
  class space    used 6222K, capacity 6459K, committed 6528K, reserved 1048576K
}
Event: 6.942 GC heap before
{Heap before GC invocations=11 (full 2):
 PSYoungGen      total 178688K, used 178586K [0x0000000780000000, 0x000000078df00000, 0x00000007c0000000)
  eden space 165888K, 99% used [0x0000000780000000,0x000000078a1ea870,0x000000078a200000)
  from space 12800K, 99% used [0x000000078b980000,0x000000078c5fc0d0,0x000000078c600000)
  to   space 24064K, 0% used [0x000000078a200000,0x000000078a200000,0x000000078b980000)
 ParOldGen       total 182784K, used 38268K [0x0000000700000000, 0x000000070b280000, 0x0000000780000000)
  object space 182784K, 20% used [0x0000000700000000,0x000000070255f390,0x000000070b280000)
 Metaspace       used 47572K, capacity 48570K, committed 48768K, reserved 1091584K
  class space    used 6747K, capacity 7020K, committed 7040K, reserved 1048576K
Event: 6.954 GC heap after
Heap after GC invocations=11 (full 2):
 PSYoungGen      total 189952K, used 14054K [0x0000000780000000, 0x000000078f580000, 0x00000007c0000000)
  eden space 165888K, 0% used [0x0000000780000000,0x0000000780000000,0x000000078a200000)
  from space 24064K, 58% used [0x000000078a200000,0x000000078afb9b70,0x000000078b980000)
  to   space 23552K, 0% used [0x000000078de80000,0x000000078de80000,0x000000078f580000)
 ParOldGen       total 182784K, used 38276K [0x0000000700000000, 0x000000070b280000, 0x0000000780000000)
  object space 182784K, 20% used [0x0000000700000000,0x0000000702561390,0x000000070b280000)
 Metaspace       used 47572K, capacity 48570K, committed 48768K, reserved 1091584K
  class space    used 6747K, capacity 7020K, committed 7040K, reserved 1048576K
}
Event: 8.245 GC heap before
{Heap before GC invocations=12 (full 2):
 PSYoungGen      total 189952K, used 179452K [0x0000000780000000, 0x000000078f580000, 0x00000007c0000000)
  eden space 165888K, 99% used [0x0000000780000000,0x000000078a185598,0x000000078a200000)
  from space 24064K, 58% used [0x000000078a200000,0x000000078afb9b70,0x000000078b980000)
  to   space 23552K, 0% used [0x000000078de80000,0x000000078de80000,0x000000078f580000)
 ParOldGen       total 182784K, used 38276K [0x0000000700000000, 0x000000070b280000, 0x0000000780000000)
  object space 182784K, 20% used [0x0000000700000000,0x0000000702561390,0x000000070b280000)
 Metaspace       used 47712K, capacity 48718K, committed 48768K, reserved 1091584K
  class space    used 6757K, capacity 7024K, committed 7040K, reserved 1048576K
Event: 8.253 GC heap after
Heap after GC invocations=12 (full 2):
 PSYoungGen      total 221696K, used 15779K [0x0000000780000000, 0x000000078f280000, 0x00000007c0000000)
  eden space 201216K, 0% used [0x0000000780000000,0x0000000780000000,0x000000078c480000)
  from space 20480K, 77% used [0x000000078de80000,0x000000078ede8c20,0x000000078f280000)
  to   space 23552K, 0% used [0x000000078c480000,0x000000078c480000,0x000000078db80000)
 ParOldGen       total 182784K, used 38284K [0x0000000700000000, 0x000000070b280000, 0x0000000780000000)
  object space 182784K, 20% used [0x0000000700000000,0x0000000702563390,0x000000070b280000)
 Metaspace       used 47712K, capacity 48718K, committed 48768K, reserved 1091584K
  class space    used 6757K, capacity 7024K, committed 7040K, reserved 1048576K
}
Event: 9.749 GC heap before
{Heap before GC invocations=13 (full 2):
 PSYoungGen      total 221696K, used 216737K [0x0000000780000000, 0x000000078f280000, 0x00000007c0000000)
  eden space 201216K, 99% used [0x0000000780000000,0x000000078c43fa28,0x000000078c480000)
  from space 20480K, 77% used [0x000000078de80000,0x000000078ede8c20,0x000000078f280000)
  to   space 23552K, 0% used [0x000000078c480000,0x000000078c480000,0x000000078db80000)
 ParOldGen       total 182784K, used 38284K [0x0000000700000000, 0x000000070b280000, 0x0000000780000000)
  object space 182784K, 20% used [0x0000000700000000,0x0000000702563390,0x000000070b280000)
 Metaspace       used 48819K, capacity 49754K, committed 49920K, reserved 1091584K
  class space    used 6836K, capacity 7112K, committed 7168K, reserved 1048576K
Event: 9.762 GC heap after
Heap after GC invocations=13 (full 2):
 PSYoungGen      total 224768K, used 16737K [0x0000000780000000, 0x0000000791a80000, 0x00000007c0000000)
  eden space 201216K, 0% used [0x0000000780000000,0x0000000780000000,0x000000078c480000)
  from space 23552K, 71% used [0x000000078c480000,0x000000078d4d8780,0x000000078db80000)
  to   space 23552K, 0% used [0x0000000790380000,0x0000000790380000,0x0000000791a80000)
 ParOldGen       total 182784K, used 38292K [0x0000000700000000, 0x000000070b280000, 0x0000000780000000)
  object space 182784K, 20% used [0x0000000700000000,0x0000000702565390,0x000000070b280000)
 Metaspace       used 48819K, capacity 49754K, committed 49920K, reserved 1091584K
  class space    used 6836K, capacity 7112K, committed 7168K, reserved 1048576K
}
Event: 10.948 GC heap before
{Heap before GC invocations=14 (full 2):
 PSYoungGen      total 224768K, used 217276K [0x0000000780000000, 0x0000000791a80000, 0x00000007c0000000)
  eden space 201216K, 99% used [0x0000000780000000,0x000000078c3d6880,0x000000078c480000)
  from space 23552K, 71% used [0x000000078c480000,0x000000078d4d8780,0x000000078db80000)
  to   space 23552K, 0% used [0x0000000790380000,0x0000000790380000,0x0000000791a80000)
 ParOldGen       total 182784K, used 38292K [0x0000000700000000, 0x000000070b280000, 0x0000000780000000)
  object space 182784K, 20% used [0x0000000700000000,0x0000000702565390,0x000000070b280000)
 Metaspace       used 49492K, capacity 50568K, committed 50816K, reserved 1093632K
  class space    used 6914K, capacity 7211K, committed 7296K, reserved 1048576K

Deoptimization events (10 events):
Event: 8.707 Thread 0x000000001ede1000 Uncommon trap: reason=class_check action=maybe_recompile pc=0x00000000043bccd4 method=com.google.common.collect.AbstractMapBasedMultimap$WrappedCollection.refreshIfEmpty()V @ 59
Event: 8.709 Thread 0x000000001ede1000 Uncommon trap: reason=unstable_if action=reinterpret pc=0x000000000383f6dc method=java.util.regex.Pattern$Loop.matchInit(Ljava/util/regex/Matcher;ILjava/lang/CharSequence;)Z @ 19
Event: 9.114 Thread 0x000000001ede1000 Uncommon trap: reason=bimorphic action=maybe_recompile pc=0x0000000003e1b814 method=com.google.common.collect.AbstractMapBasedMultimap.put(Ljava/lang/Object;Ljava/lang/Object;)Z @ 70
Event: 9.138 Thread 0x000000001ede1000 Uncommon trap: reason=bimorphic action=maybe_recompile pc=0x0000000003761d50 method=java.lang.reflect.Field.set(Ljava/lang/Object;Ljava/lang/Object;)V @ 46
Event: 9.138 Thread 0x000000001ede1000 Uncommon trap: reason=bimorphic action=maybe_recompile pc=0x0000000003761d50 method=java.lang.reflect.Field.set(Ljava/lang/Object;Ljava/lang/Object;)V @ 46
Event: 9.138 Thread 0x000000001ede1000 Uncommon trap: reason=bimorphic action=maybe_recompile pc=0x0000000003761d50 method=java.lang.reflect.Field.set(Ljava/lang/Object;Ljava/lang/Object;)V @ 46
Event: 9.711 Thread 0x000000001fa0f000 Uncommon trap: reason=array_check action=maybe_recompile pc=0x0000000004534d20 method=java.util.TimSort.binarySort([Ljava/lang/Object;IIILjava/util/Comparator;)V @ 193
Event: 9.762 Thread 0x000000001c363000 Uncommon trap: reason=unstable_if action=reinterpret pc=0x00000000043e86c4 method=java.lang.ref.Reference.tryHandlePending(Z)Z @ 20
Event: 9.812 Thread 0x000000001fa0f000 Uncommon trap: reason=unstable_if action=reinterpret pc=0x0000000003965874 method=sun.misc.ASCIICaseInsensitiveComparator.compare(Ljava/lang/String;Ljava/lang/String;)I @ 83
Event: 10.872 Thread 0x000000001fa10800 Uncommon trap: reason=unstable_if action=reinterpret pc=0x00000000036451b8 method=java.util.concurrent.ConcurrentHashMap.addCount(JI)V @ 97

Classes redefined (0 events):
No events

Internal exceptions (10 events):
Event: 8.405 Thread 0x000000001fa1a800 Exception <a 'java/lang/ClassNotFoundException': org/gradle/api/tasks/CopyBeanInfo> (0x0000000781d98910) thrown at [C:\jenkins\workspace\8-2-build-windows-amd64-cygwin\jdk8u251\737\hotspot\src\share\vm\classfile\systemDictionary.cpp, line 210]
Event: 8.405 Thread 0x000000001fa1a800 Exception <a 'java/lang/ClassNotFoundException': org/gradle/api/tasks/CopyCustomizer> (0x0000000781da79d8) thrown at [C:\jenkins\workspace\8-2-build-windows-amd64-cygwin\jdk8u251\737\hotspot\src\share\vm\classfile\systemDictionary.cpp, line 210]
Event: 8.406 Thread 0x000000001fa1a800 Exception <a 'java/lang/ClassNotFoundException': org/gradle/language/jvm/tasks/ProcessResourcesCustomizer> (0x0000000781de9428) thrown at [C:\jenkins\workspace\8-2-build-windows-amd64-cygwin\jdk8u251\737\hotspot\src\share\vm\classfile\systemDictionary.cpp
Event: 8.407 Thread 0x000000001fa1a800 Exception <a 'java/lang/ClassNotFoundException': org/gradle/language/jvm/tasks/ProcessResources_DecoratedCustomizer> (0x0000000781e29840) thrown at [C:\jenkins\workspace\8-2-build-windows-amd64-cygwin\jdk8u251\737\hotspot\src\share\vm\classfile\systemDict
Event: 8.520 Thread 0x000000001fa1a800 Exception <a 'java/lang/ClassNotFoundException': org/gradle/api/DefaultTask_DecoratedBeanInfo> (0x0000000782b5ccb0) thrown at [C:\jenkins\workspace\8-2-build-windows-amd64-cygwin\jdk8u251\737\hotspot\src\share\vm\classfile\systemDictionary.cpp, line 210]
Event: 8.520 Thread 0x000000001fa1a800 Exception <a 'java/lang/ClassNotFoundException': org/gradle/api/DefaultTask_DecoratedCustomizer> (0x0000000782b6e008) thrown at [C:\jenkins\workspace\8-2-build-windows-amd64-cygwin\jdk8u251\737\hotspot\src\share\vm\classfile\systemDictionary.cpp, line 210
Event: 8.570 Thread 0x000000001f500800 Exception <a 'java/lang/NoSuchMethodError': <clinit>> (0x00000007833203c0) thrown at [C:\jenkins\workspace\8-2-build-windows-amd64-cygwin\jdk8u251\737\hotspot\src\share\vm\prims\jni.cpp, line 1614]
Event: 8.571 Thread 0x000000001f500800 Exception <a 'java/lang/NoSuchMethodError': <clinit>> (0x00000007833299a8) thrown at [C:\jenkins\workspace\8-2-build-windows-amd64-cygwin\jdk8u251\737\hotspot\src\share\vm\prims\jni.cpp, line 1614]
Event: 8.571 Thread 0x000000001f500800 Exception <a 'java/lang/NoSuchMethodError': <clinit>> (0x000000078332ba60) thrown at [C:\jenkins\workspace\8-2-build-windows-amd64-cygwin\jdk8u251\737\hotspot\src\share\vm\prims\jni.cpp, line 1614]
Event: 9.683 Thread 0x000000001ede1000 Exception <a 'java/lang/IncompatibleClassChangeError': Found class java.lang.Object, but interface was expected> (0x000000078b34a238) thrown at [C:\jenkins\workspace\8-2-build-windows-amd64-cygwin\jdk8u251\737\hotspot\src\share\vm\interpreter\linkResolver

Events (10 events):
Event: 10.812 Executing VM operation: RevokeBias
Event: 10.812 Executing VM operation: RevokeBias done
Event: 10.812 Thread 0x000000001fa18000 Thread exited: 0x000000001fa18000
Event: 10.812 Thread 0x000000001c381000 flushing nmethod 0x00000000044b9450
Event: 10.872 Thread 0x000000001fa10800 Uncommon trap: trap_request=0xffffff65 fr.pc=0x00000000036451b8
Event: 10.872 Thread 0x000000001fa10800 DEOPT PACKING pc=0x00000000036451b8 sp=0x000000002a8fe800
Event: 10.872 Thread 0x000000001fa10800 DEOPT UNPACKING pc=0x000000000351583b sp=0x000000002a8fe6e0 mode 2
Event: 10.873 Executing VM operation: RevokeBias
Event: 10.873 Executing VM operation: RevokeBias done
Event: 10.948 Executing VM operation: ParallelGCFailedAllocation


Dynamic libraries:
0x00007ff667800000 - 0x00007ff667837000 	C:\Program Files\Java\jdk1.8.0_251\bin\java.exe
0x00007ffe524f0000 - 0x00007ffe526dd000 	C:\WINDOWS\SYSTEM32\ntdll.dll
0x00007ffe52330000 - 0x00007ffe523e3000 	C:\WINDOWS\System32\KERNEL32.DLL
0x00007ffe4ef70000 - 0x00007ffe4f205000 	C:\WINDOWS\System32\KERNELBASE.dll
0x00007ffe50d60000 - 0x00007ffe50e03000 	C:\WINDOWS\System32\ADVAPI32.dll
0x00007ffe507c0000 - 0x00007ffe5085e000 	C:\WINDOWS\System32\msvcrt.dll
0x00007ffe506f0000 - 0x00007ffe5078e000 	C:\WINDOWS\System32\sechost.dll
0x00007ffe50c30000 - 0x00007ffe50d52000 	C:\WINDOWS\System32\RPCRT4.dll
0x00007ffe4f950000 - 0x00007ffe4fae7000 	C:\WINDOWS\System32\USER32.dll
0x00007ffe4f4c0000 - 0x00007ffe4f4e0000 	C:\WINDOWS\System32\win32u.dll
0x00007ffe50790000 - 0x00007ffe507b9000 	C:\WINDOWS\System32\GDI32.dll
0x00007ffe4edd0000 - 0x00007ffe4ef69000 	C:\WINDOWS\System32\gdi32full.dll
0x00007ffe4e5b0000 - 0x00007ffe4e650000 	C:\WINDOWS\System32\msvcp_win.dll
0x00007ffe4f360000 - 0x00007ffe4f45a000 	C:\WINDOWS\System32\ucrtbase.dll
0x00007ffe3aea0000 - 0x00007ffe3b119000 	C:\WINDOWS\WinSxS\amd64_microsoft.windows.common-controls_6595b64144ccf1df_6.0.17763.1158_none_de722d88534a897f\COMCTL32.dll
0x00007ffe4faf0000 - 0x00007ffe4fe1c000 	C:\WINDOWS\System32\combase.dll
0x00007ffe4f2e0000 - 0x00007ffe4f35e000 	C:\WINDOWS\System32\bcryptPrimitives.dll
0x00007ffe4ff60000 - 0x00007ffe4ff8e000 	C:\WINDOWS\System32\IMM32.DLL
0x0000000068630000 - 0x0000000068702000 	C:\Program Files\Java\jdk1.8.0_251\jre\bin\msvcr100.dll
0x0000000067aa0000 - 0x000000006834b000 	C:\Program Files\Java\jdk1.8.0_251\jre\bin\server\jvm.dll
0x00007ffe4ff50000 - 0x00007ffe4ff58000 	C:\WINDOWS\System32\PSAPI.DLL
0x00007ffe4c080000 - 0x00007ffe4c0a4000 	C:\WINDOWS\SYSTEM32\WINMM.dll
0x00007ffe486d0000 - 0x00007ffe486da000 	C:\WINDOWS\SYSTEM32\VERSION.dll
0x00007ffe3b420000 - 0x00007ffe3b429000 	C:\WINDOWS\SYSTEM32\WSOCK32.dll
0x00007ffe50a90000 - 0x00007ffe50afd000 	C:\WINDOWS\System32\WS2_32.dll
0x00007ffe4bf10000 - 0x00007ffe4bf3d000 	C:\WINDOWS\SYSTEM32\winmmbase.dll
0x00007ffe4f4e0000 - 0x00007ffe4f52a000 	C:\WINDOWS\System32\cfgmgr32.dll
0x00007ffe471d0000 - 0x00007ffe471df000 	C:\Program Files\Java\jdk1.8.0_251\jre\bin\verify.dll
0x00007ffe461b0000 - 0x00007ffe461d9000 	C:\Program Files\Java\jdk1.8.0_251\jre\bin\java.dll
0x00007ffe46190000 - 0x00007ffe461a6000 	C:\Program Files\Java\jdk1.8.0_251\jre\bin\zip.dll
0x00007ffe50e10000 - 0x00007ffe52304000 	C:\WINDOWS\System32\SHELL32.dll
0x00007ffe509d0000 - 0x00007ffe50a78000 	C:\WINDOWS\System32\shcore.dll
0x00007ffe4e680000 - 0x00007ffe4edcd000 	C:\WINDOWS\System32\windows.storage.dll
0x00007ffe4e580000 - 0x00007ffe4e5a4000 	C:\WINDOWS\System32\profapi.dll
0x00007ffe4e520000 - 0x00007ffe4e57d000 	C:\WINDOWS\System32\powrprof.dll
0x00007ffe4f710000 - 0x00007ffe4f762000 	C:\WINDOWS\System32\shlwapi.dll
0x00007ffe4e4e0000 - 0x00007ffe4e4f1000 	C:\WINDOWS\System32\kernel.appcore.dll
0x00007ffe4f210000 - 0x00007ffe4f227000 	C:\WINDOWS\System32\cryptsp.dll
0x00007ffe45b10000 - 0x00007ffe45b2a000 	C:\Program Files\Java\jdk1.8.0_251\jre\bin\net.dll
0x00007ffe4dd50000 - 0x00007ffe4ddb7000 	C:\WINDOWS\system32\mswsock.dll
0x00007ffe3ec80000 - 0x00007ffe3ec92000 	C:\Program Files\Java\jdk1.8.0_251\jre\bin\nio.dll
0x00007ffe461e0000 - 0x00007ffe461fe000 	C:\Users\Yeet nerd kys\.gradle\native\25\windows-amd64\native-platform.dll
0x00007ffe46530000 - 0x00007ffe4653d000 	C:\Program Files\Java\jdk1.8.0_251\jre\bin\management.dll
0x00007ffe4d8d0000 - 0x00007ffe4d903000 	C:\WINDOWS\system32\rsaenh.dll
0x00007ffe4e650000 - 0x00007ffe4e676000 	C:\WINDOWS\System32\bcrypt.dll
0x00007ffe4e3e0000 - 0x00007ffe4e408000 	C:\WINDOWS\SYSTEM32\USERENV.dll
0x00007ffe4df20000 - 0x00007ffe4df2c000 	C:\WINDOWS\SYSTEM32\CRYPTBASE.dll
0x00007ffe4da70000 - 0x00007ffe4daad000 	C:\WINDOWS\SYSTEM32\IPHLPAPI.DLL
0x00007ffe52450000 - 0x00007ffe52458000 	C:\WINDOWS\System32\NSI.dll
0x00007ffe49050000 - 0x00007ffe49066000 	C:\WINDOWS\SYSTEM32\dhcpcsvc6.DLL
0x00007ffe48ef0000 - 0x00007ffe48f0c000 	C:\WINDOWS\SYSTEM32\dhcpcsvc.DLL
0x00007ffe4dab0000 - 0x00007ffe4db77000 	C:\WINDOWS\SYSTEM32\DNSAPI.dll
0x00007ffe36e50000 - 0x00007ffe36e74000 	C:\Program Files\Java\jdk1.8.0_251\jre\bin\sunec.dll
0x00007ffe463d0000 - 0x00007ffe463dc000 	C:\Program Files\Java\jdk1.8.0_251\jre\bin\sunmscapi.dll
0x00007ffe4f530000 - 0x00007ffe4f70c000 	C:\WINDOWS\System32\CRYPT32.dll
0x00007ffe4e500000 - 0x00007ffe4e512000 	C:\WINDOWS\System32\MSASN1.dll
0x00007ffe4e020000 - 0x00007ffe4e046000 	C:\WINDOWS\SYSTEM32\ncrypt.dll
0x00007ffe4dfe0000 - 0x00007ffe4e01c000 	C:\WINDOWS\SYSTEM32\NTASN1.dll
0x00007ffe42170000 - 0x00007ffe4217a000 	C:\Windows\System32\rasadhlp.dll
0x00007ffe48720000 - 0x00007ffe48799000 	C:\WINDOWS\System32\fwpuclnt.dll
0x00007ffe4ce00000 - 0x00007ffe4cfed000 	C:\WINDOWS\SYSTEM32\dbghelp.dll

VM Arguments:
jvm_args: -Xmx3G -Dfile.encoding=windows-1252 -Duser.country=CA -Duser.language=en -Duser.variant 
java_command: org.gradle.launcher.daemon.bootstrap.GradleDaemon 4.10.3
java_class_path (initial): C:\Users\Yeet nerd kys\.gradle\wrapper\dists\gradle-4.10.3-all\81msde2dx9p4vji0mjgtvxkcb\gradle-4.10.3\lib\gradle-launcher-4.10.3.jar
Launcher Type: SUN_STANDARD

Environment Variables:
JAVA_HOME=C:\Program Files\AdoptOpenJDK\jdk-8.0.242.08-openj9\bin
PATH=C:\Program Files (x86)\Common Files\Oracle\Java\javapath;C:\Program Files\AdoptOpenJDK\jdk-8.0.242.08-openj9\bin;C:\WINDOWS\system32;C:\WINDOWS;C:\WINDOWS\System32\Wbem;C:\WINDOWS\System32\WindowsPowerShell\v1.0\;C:\WINDOWS\System32\OpenSSH\;A:\Coding\Git\cmd;C:\Users\Yeet nerd kys\AppData\Local\Microsoft\WindowsApps;C:\Users\Yeet nerd kys\AppData\Local\atom\bin
USERNAME=Yeet nerd kys
OS=Windows_NT
PROCESSOR_IDENTIFIER=AMD64 Family 23 Model 8 Stepping 2, AuthenticAMD



---------------  S Y S T E M  ---------------

OS: Windows 10.0 , 64 bit Build 17763 (10.0.17763.1158)

CPU:total 12 (initial active 12) (12 cores per cpu, 1 threads per core) family 23 model 8 stepping 2, cmov, cx8, fxsr, mmx, sse, sse2, sse3, ssse3, sse4.1, sse4.2, popcnt, avx, avx2, aes, clmul, mmxext, 3dnowpref, lzcnt, sse4a, tsc, tscinvbit, tscinv, bmi1

Memory: 4k page, physical 16704776k(6997884k free), swap 25093384k(7499532k free)

vm_info: Java HotSpot(TM) 64-Bit Server VM (25.251-b08) for windows-amd64 JRE (1.8.0_251-b08), built on Mar 12 2020 06:31:49 by "" with MS VC++ 10.0 (VS2010)

time: Thu May 07 21:54:59 2020
timezone: Canada Central Standard Time
elapsed time: 10 seconds (0d 0h 0m 10s)

